<?xml version="1.0" encoding="UTF-8"?>
<!-- Generated by org.testng.reporters.JUnitXMLReporter -->
<testsuite ignored="0" hostname="DESKTOP-9J3RMUU" failures="0" tests="1" name="Test" time="0.025" errors="0" timestamp="2022-05-24T04:37:05 EDT">
  <testcase classname="testNG.TestNG_Include_Exclude" name="@BeforeTest openBrowser" time="-1.653381424981E9">
    <failure type="org.testng.TestNGException" message="
Parameter &amp;apos;browser&amp;apos; is required by BeforeTest on method openBrowser but has not been marked @Optional or defined
in C:\Users\Vinay\eclipse-workspace\TestNG\include_exclude_test.xml">
      <![CDATA[org.testng.TestNGException: 
Parameter 'browser' is required by BeforeTest on method openBrowser but has not been marked @Optional or defined
in C:\Users\Vinay\eclipse-workspace\TestNG\include_exclude_test.xml
... Removed 21 stack frames]]>
    </failure>
  </testcase> <!-- @BeforeTest openBrowser -->
  <testcase classname="testNG.TestNG_Include_Exclude" name="@AfterTest afterTest" time="-1.653381424998E9">
    <skipped/>
  </testcase> <!-- @AfterTest afterTest -->
  <testcase classname="testNG.TestNG_Include_Exclude" name="zomato" time="0.0">
    <skipped/>
  </testcase> <!-- zomato -->
</testsuite> <!-- Test -->
